<?xml version="1.0" encoding="UTF-8"?>
<testng-results ignored="2" total="3" passed="0" failed="1" skipped="0">
  <reporter-output>
  </reporter-output>
  <suite started-at="2023-10-07T16:53:16 IST" name="Default suite" finished-at="2023-10-07T16:53:31 IST" duration-ms="15383">
    <groups>
    </groups>
    <test started-at="2023-10-07T16:53:16 IST" name="Default test" finished-at="2023-10-07T16:53:31 IST" duration-ms="15383">
      <class name="com.qa.test.test">
        <test-method is-config="true" signature="setupreports()[pri:0, instance:com.qa.test.test@7161d8d1]" started-at="2023-10-07T16:53:15 IST" name="setupreports" finished-at="2023-10-07T16:53:16 IST" duration-ms="1221" status="PASS">
          <reporter-output>
          </reporter-output>
        </test-method> <!-- setupreports -->
        <test-method is-config="true" signature="setup1()[pri:0, instance:com.qa.test.test@7161d8d1]" started-at="2023-10-07T16:53:16 IST" name="setup1" finished-at="2023-10-07T16:53:26 IST" duration-ms="10281" status="PASS">
          <reporter-output>
          </reporter-output>
        </test-method> <!-- setup1 -->
        <test-method is-config="true" signature="Launch_browser()[pri:0, instance:com.qa.test.test@7161d8d1]" started-at="2023-10-07T16:53:26 IST" name="Launch_browser" finished-at="2023-10-07T16:53:30 IST" duration-ms="4068" status="PASS">
          <reporter-output>
          </reporter-output>
        </test-method> <!-- Launch_browser -->
        <test-method signature="Validate_Url()[pri:0, instance:com.qa.test.test@7161d8d1]" started-at="2023-10-07T16:53:30 IST" name="Validate_Url" finished-at="2023-10-07T16:53:31 IST" duration-ms="255" status="FAIL">
          <exception class="java.lang.AssertionError">
            <message>
              <![CDATA[Page title expected [Swag Labsn] but found [Swag Labs]]]>
            </message>
            <full-stacktrace>
              <![CDATA[java.lang.AssertionError: Page title expected [Swag Labsn] but found [Swag Labs]
at org.testng.Assert.fail(Assert.java:110)
at org.testng.Assert.failNotEquals(Assert.java:1413)
at org.testng.Assert.assertEqualsImpl(Assert.java:149)
at org.testng.Assert.assertEquals(Assert.java:131)
at org.testng.Assert.assertEquals(Assert.java:655)
at com.qa.test.test.Validate_Url(test.java:30)
at java.base/jdk.internal.reflect.NativeMethodAccessorImpl.invoke0(Native Method)
at java.base/jdk.internal.reflect.NativeMethodAccessorImpl.invoke(NativeMethodAccessorImpl.java:77)
at java.base/jdk.internal.reflect.DelegatingMethodAccessorImpl.invoke(DelegatingMethodAccessorImpl.java:43)
at java.base/java.lang.reflect.Method.invoke(Method.java:568)
at org.testng.internal.invokers.MethodInvocationHelper.invokeMethod(MethodInvocationHelper.java:139)
at org.testng.internal.invokers.TestInvoker.invokeMethod(TestInvoker.java:677)
at org.testng.internal.invokers.TestInvoker.invokeTestMethod(TestInvoker.java:221)
at org.testng.internal.invokers.MethodRunner.runInSequence(MethodRunner.java:50)
at org.testng.internal.invokers.TestInvoker$MethodInvocationAgent.invoke(TestInvoker.java:962)
at org.testng.internal.invokers.TestInvoker.invokeTestMethods(TestInvoker.java:194)
at org.testng.internal.invokers.TestMethodWorker.invokeTestMethods(TestMethodWorker.java:148)
at org.testng.internal.invokers.TestMethodWorker.run(TestMethodWorker.java:128)
at java.base/java.util.ArrayList.forEach(ArrayList.java:1511)
at org.testng.TestRunner.privateRun(TestRunner.java:806)
at org.testng.TestRunner.run(TestRunner.java:601)
at org.testng.SuiteRunner.runTest(SuiteRunner.java:433)
at org.testng.SuiteRunner.runSequentially(SuiteRunner.java:427)
at org.testng.SuiteRunner.privateRun(SuiteRunner.java:387)
at org.testng.SuiteRunner.run(SuiteRunner.java:330)
at org.testng.SuiteRunnerWorker.runSuite(SuiteRunnerWorker.java:52)
at org.testng.SuiteRunnerWorker.run(SuiteRunnerWorker.java:95)
at org.testng.TestNG.runSuitesSequentially(TestNG.java:1256)
at org.testng.TestNG.runSuitesLocally(TestNG.java:1176)
at org.testng.TestNG.runSuites(TestNG.java:1099)
at org.testng.TestNG.run(TestNG.java:1067)
at org.testng.remote.AbstractRemoteTestNG.run(AbstractRemoteTestNG.java:115)
at org.testng.remote.RemoteTestNG.initAndRun(RemoteTestNG.java:251)
at org.testng.remote.RemoteTestNG.main(RemoteTestNG.java:77)
]]>
            </full-stacktrace>
          </exception> <!-- java.lang.AssertionError -->
          <reporter-output>
          </reporter-output>
        </test-method> <!-- Validate_Url -->
        <test-method is-config="true" signature="closemethod(org.testng.ITestResult)[pri:0, instance:com.qa.test.test@7161d8d1]" started-at="2023-10-07T16:53:31 IST" name="closemethod" finished-at="2023-10-07T16:53:31 IST" duration-ms="8" status="PASS">
          <params>
            <param index="0">
              <value>
                <![CDATA[[TestResult name=Validate_Url status=FAILURE method=test.Validate_Url()[pri:0, instance:com.qa.test.test@7161d8d1] output={null}]]]>
              </value>
            </param>
          </params>
          <reporter-output>
          </reporter-output>
        </test-method> <!-- closemethod -->
        <test-method is-config="true" signature="teardown()[pri:0, instance:com.qa.test.test@7161d8d1]" started-at="2023-10-07T16:53:31 IST" name="teardown" finished-at="2023-10-07T16:53:31 IST" duration-ms="657" status="PASS">
          <reporter-output>
          </reporter-output>
        </test-method> <!-- teardown -->
        <test-method is-config="true" signature="TearDownreports()[pri:0, instance:com.qa.test.test@7161d8d1]" started-at="2023-10-07T16:53:31 IST" name="TearDownreports" finished-at="2023-10-07T16:53:34 IST" duration-ms="2633" status="PASS">
          <reporter-output>
          </reporter-output>
        </test-method> <!-- TearDownreports -->
      </class> <!-- com.qa.test.test -->
    </test> <!-- Default test -->
  </suite> <!-- Default suite -->
</testng-results>
